2025-03-02 22:03:11,680 [INFO] ai_strategy_selector: AI 전략 추천 테이블 초기화됨
2025-03-02 22:03:11,681 [INFO] ai_strategy_selector: AIStrategySelector 초기화됨
2025-03-02 22:03:11,690 [INFO] ai_strategy_selector: AI 전략 추천 테이블 초기화됨
2025-03-02 22:03:11,690 [INFO] ai_strategy_selector: AIStrategySelector 초기화됨
2025-03-02 22:03:11,700 [INFO] ai_strategy_selector: AI 전략 추천 테이블 초기화됨
2025-03-02 22:03:11,701 [INFO] ai_strategy_selector: AIStrategySelector 초기화됨
2025-03-02 22:03:11,708 [INFO] ai_strategy_selector: AI 전략 추천 테이블 초기화됨
2025-03-02 22:03:11,708 [INFO] ai_strategy_selector: AIStrategySelector 초기화됨
2025-03-02 22:03:11,709 [INFO] ai_strategy_selector: 가중치 기반 전략 선택 중
2025-03-02 22:03:57,440 [INFO] ai_strategy_selector: AI 전략 추천 테이블 초기화됨
2025-03-02 22:03:57,440 [INFO] ai_strategy_selector: AIStrategySelector 초기화됨
2025-03-02 22:03:57,447 [INFO] ai_strategy_selector: 최적 전략 선택 시작: BTC/USDT
2025-03-02 22:03:57,447 [INFO] ai_strategy_selector: 가중치 기반 전략 선택 중
2025-03-02 22:03:57,448 [INFO] ai_strategy_selector: 전략 추천 저장됨: BTC/USDT
2025-03-02 22:03:57,448 [INFO] ai_strategy_selector: 최적 전략 선택 완료: BTC/USDT
2025-03-02 22:09:09,951 [INFO] ai_strategy_selector: AI 전략 추천 테이블 초기화됨
2025-03-02 22:09:09,952 [INFO] ai_strategy_selector: AIStrategySelector 초기화됨
2025-03-02 22:09:09,957 [INFO] ai_strategy_selector: 최적 전략 선택 시작: BTC/USDT
2025-03-02 22:09:09,957 [INFO] ai_strategy_selector: 가중치 기반 전략 선택 중
2025-03-02 22:09:09,958 [INFO] ai_strategy_selector: 전략 추천 저장됨: BTC/USDT
2025-03-02 22:09:09,958 [INFO] ai_strategy_selector: 최적 전략 선택 완료: BTC/USDT
