2025-03-02 21:57:11,281 [INFO] chart_pattern_analyzer: 차트 패턴 테이블 초기화됨
2025-03-02 21:57:11,282 [INFO] chart_pattern_analyzer: ChartPatternAnalyzer 초기화됨
2025-03-02 21:57:11,282 [INFO] chart_pattern_analyzer: 차트 분석 시작: BTC/USDT (1d)
2025-03-02 21:57:11,282 [INFO] chart_pattern_analyzer: 차트 패턴 식별 중: 최소 패턴 바=5
2025-03-02 21:57:11,282 [INFO] chart_pattern_analyzer: 식별된 고점: 14개, 저점: 15개
2025-03-02 21:57:11,299 [INFO] chart_pattern_analyzer: 식별된 차트 패턴: 17개
2025-03-02 21:57:11,299 [INFO] chart_pattern_analyzer: 지지/저항 레벨 식별 중: 윈도우 크기=20, 임계값=0.005
2025-03-02 21:57:11,299 [INFO] chart_pattern_analyzer: 식별된 고점: 14개, 저점: 15개
2025-03-02 21:57:11,301 [INFO] chart_pattern_analyzer: 식별된 지지 레벨: 3개, 저항 레벨: 2개
2025-03-02 21:57:11,301 [INFO] chart_pattern_analyzer: 차트 분석 완료: BTC/USDT (1d), 패턴 17개 발견
2025-03-02 21:57:11,309 [INFO] chart_pattern_analyzer: 차트 패턴 테이블 초기화됨
2025-03-02 21:57:11,309 [INFO] chart_pattern_analyzer: ChartPatternAnalyzer 초기화됨
2025-03-02 21:57:11,316 [INFO] chart_pattern_analyzer: 차트 패턴 테이블 초기화됨
2025-03-02 21:57:11,316 [INFO] chart_pattern_analyzer: ChartPatternAnalyzer 초기화됨
2025-03-02 21:57:11,316 [INFO] chart_pattern_analyzer: 차트 패턴 식별 중: 최소 패턴 바=5
2025-03-02 21:57:11,316 [INFO] chart_pattern_analyzer: 식별된 고점: 14개, 저점: 14개
2025-03-02 21:57:11,332 [INFO] chart_pattern_analyzer: 식별된 차트 패턴: 17개
2025-03-02 21:57:11,340 [INFO] chart_pattern_analyzer: 차트 패턴 테이블 초기화됨
2025-03-02 21:57:11,340 [INFO] chart_pattern_analyzer: ChartPatternAnalyzer 초기화됨
2025-03-02 21:57:11,340 [INFO] chart_pattern_analyzer: 식별된 고점: 14개, 저점: 14개
2025-03-02 21:57:11,348 [INFO] chart_pattern_analyzer: 차트 패턴 테이블 초기화됨
2025-03-02 21:57:11,348 [INFO] chart_pattern_analyzer: ChartPatternAnalyzer 초기화됨
2025-03-02 21:57:11,348 [INFO] chart_pattern_analyzer: 지지/저항 레벨 식별 중: 윈도우 크기=20, 임계값=0.005
2025-03-02 21:57:11,348 [INFO] chart_pattern_analyzer: 식별된 고점: 12개, 저점: 14개
2025-03-02 21:57:11,350 [INFO] chart_pattern_analyzer: 식별된 지지 레벨: 2개, 저항 레벨: 0개
2025-03-02 22:03:57,378 [INFO] chart_pattern_analyzer: 차트 패턴 테이블 초기화됨
2025-03-02 22:03:57,378 [INFO] chart_pattern_analyzer: ChartPatternAnalyzer 초기화됨
2025-03-02 22:03:57,445 [INFO] chart_pattern_analyzer: 차트 분석 시작: BTC/USDT (1d)
2025-03-02 22:03:57,445 [WARNING] chart_pattern_analyzer: 분석할 데이터가 없음: BTC/USDT (1d)
2025-03-02 22:09:09,879 [INFO] chart_pattern_analyzer: 차트 패턴 테이블 초기화됨
2025-03-02 22:09:09,880 [INFO] chart_pattern_analyzer: ChartPatternAnalyzer 초기화됨
2025-03-02 22:09:09,956 [INFO] chart_pattern_analyzer: 차트 분석 시작: BTC/USDT (1d)
2025-03-02 22:09:09,956 [WARNING] chart_pattern_analyzer: 분석할 데이터가 없음: BTC/USDT (1d)
