2025-03-02 21:58:31,582 [INFO] multi_timeframe_analyzer: 다중 시간프레임 분석 테이블 초기화됨
2025-03-02 21:58:31,582 [INFO] multi_timeframe_analyzer: MultiTimeframeAnalyzer 초기화됨
2025-03-02 21:58:31,583 [INFO] multi_timeframe_analyzer: HTF → LTF 분석 시작: BTC/USDT
2025-03-02 21:58:31,583 [ERROR] multi_timeframe_analyzer: HTF → LTF 분석 중 오류 발생: 'ranging'
2025-03-02 21:58:31,588 [INFO] multi_timeframe_analyzer: 다중 시간프레임 분석 테이블 초기화됨
2025-03-02 21:58:31,588 [INFO] multi_timeframe_analyzer: MultiTimeframeAnalyzer 초기화됨
2025-03-02 21:58:31,593 [INFO] multi_timeframe_analyzer: 다중 시간프레임 분석 테이블 초기화됨
2025-03-02 21:58:31,593 [INFO] multi_timeframe_analyzer: MultiTimeframeAnalyzer 초기화됨
2025-03-02 21:58:31,597 [INFO] multi_timeframe_analyzer: 다중 시간프레임 분석 테이블 초기화됨
2025-03-02 21:58:31,597 [INFO] multi_timeframe_analyzer: MultiTimeframeAnalyzer 초기화됨
2025-03-02 21:58:31,600 [INFO] multi_timeframe_analyzer: 다중 시간프레임 분석 테이블 초기화됨
2025-03-02 21:58:31,600 [INFO] multi_timeframe_analyzer: MultiTimeframeAnalyzer 초기화됨
2025-03-02 22:03:57,381 [INFO] multi_timeframe_analyzer: 다중 시간프레임 분석 테이블 초기화됨
2025-03-02 22:03:57,382 [INFO] multi_timeframe_analyzer: MultiTimeframeAnalyzer 초기화됨
2025-03-02 22:03:57,445 [INFO] multi_timeframe_analyzer: HTF → LTF 분석 시작: BTC/USDT
2025-03-02 22:03:57,446 [INFO] multi_timeframe_analyzer: 분석 결과 저장됨: BTC/USDT
2025-03-02 22:03:57,447 [INFO] multi_timeframe_analyzer: HTF → LTF 분석 완료: BTC/USDT, 추세: neutral, 신뢰도: 100.00%, 추천: neutral
2025-03-02 22:07:55,441 [INFO] multi_timeframe_analyzer: 다중 시간프레임 분석 테이블 초기화됨
2025-03-02 22:07:55,442 [INFO] multi_timeframe_analyzer: MultiTimeframeAnalyzer 초기화됨
2025-03-02 22:07:55,442 [INFO] multi_timeframe_analyzer: HTF → LTF 분석 시작: BTC/USDT
2025-03-02 22:07:55,442 [ERROR] multi_timeframe_analyzer: HTF → LTF 분석 중 오류 발생: 'ranging'
2025-03-02 22:07:55,448 [INFO] multi_timeframe_analyzer: 다중 시간프레임 분석 테이블 초기화됨
2025-03-02 22:07:55,448 [INFO] multi_timeframe_analyzer: MultiTimeframeAnalyzer 초기화됨
2025-03-02 22:07:55,452 [INFO] multi_timeframe_analyzer: 다중 시간프레임 분석 테이블 초기화됨
2025-03-02 22:07:55,452 [INFO] multi_timeframe_analyzer: MultiTimeframeAnalyzer 초기화됨
2025-03-02 22:07:55,458 [INFO] multi_timeframe_analyzer: 다중 시간프레임 분석 테이블 초기화됨
2025-03-02 22:07:55,458 [INFO] multi_timeframe_analyzer: MultiTimeframeAnalyzer 초기화됨
2025-03-02 22:07:55,464 [INFO] multi_timeframe_analyzer: 다중 시간프레임 분석 테이블 초기화됨
2025-03-02 22:07:55,464 [INFO] multi_timeframe_analyzer: MultiTimeframeAnalyzer 초기화됨
2025-03-02 22:09:09,883 [INFO] multi_timeframe_analyzer: 다중 시간프레임 분석 테이블 초기화됨
2025-03-02 22:09:09,883 [INFO] multi_timeframe_analyzer: MultiTimeframeAnalyzer 초기화됨
2025-03-02 22:09:09,956 [INFO] multi_timeframe_analyzer: HTF → LTF 분석 시작: BTC/USDT
2025-03-02 22:09:09,957 [INFO] multi_timeframe_analyzer: 분석 결과 저장됨: BTC/USDT
2025-03-02 22:09:09,957 [INFO] multi_timeframe_analyzer: HTF → LTF 분석 완료: BTC/USDT, 추세: neutral, 신뢰도: 100.00%, 추천: neutral
2025-03-02 22:17:46,261 [INFO] multi_timeframe_analyzer: 다중 시간프레임 분석 테이블 초기화됨
2025-03-02 22:17:46,262 [INFO] multi_timeframe_analyzer: MultiTimeframeAnalyzer 초기화됨
2025-03-02 22:17:46,262 [INFO] multi_timeframe_analyzer: HTF → LTF 분석 시작: BTC/USDT
2025-03-02 22:17:46,262 [ERROR] multi_timeframe_analyzer: HTF → LTF 분석 중 오류 발생: 'ranging'
2025-03-02 22:17:46,268 [INFO] multi_timeframe_analyzer: 다중 시간프레임 분석 테이블 초기화됨
2025-03-02 22:17:46,268 [INFO] multi_timeframe_analyzer: MultiTimeframeAnalyzer 초기화됨
2025-03-02 22:17:46,273 [INFO] multi_timeframe_analyzer: 다중 시간프레임 분석 테이블 초기화됨
2025-03-02 22:17:46,273 [INFO] multi_timeframe_analyzer: MultiTimeframeAnalyzer 초기화됨
2025-03-02 22:17:46,279 [INFO] multi_timeframe_analyzer: 다중 시간프레임 분석 테이블 초기화됨
2025-03-02 22:17:46,279 [INFO] multi_timeframe_analyzer: MultiTimeframeAnalyzer 초기화됨
2025-03-02 22:17:46,284 [INFO] multi_timeframe_analyzer: 다중 시간프레임 분석 테이블 초기화됨
2025-03-02 22:17:46,284 [INFO] multi_timeframe_analyzer: MultiTimeframeAnalyzer 초기화됨
2025-03-02 22:18:17,728 [INFO] multi_timeframe_analyzer: 다중 시간프레임 분석 테이블 초기화됨
2025-03-02 22:18:17,728 [INFO] multi_timeframe_analyzer: MultiTimeframeAnalyzer 초기화됨
2025-03-02 22:18:17,729 [INFO] multi_timeframe_analyzer: HTF → LTF 분석 시작: BTC/USDT
2025-03-02 22:18:17,729 [ERROR] multi_timeframe_analyzer: HTF → LTF 분석 중 오류 발생: 'ranging'
2025-03-02 22:18:17,736 [INFO] multi_timeframe_analyzer: 다중 시간프레임 분석 테이블 초기화됨
2025-03-02 22:18:17,736 [INFO] multi_timeframe_analyzer: MultiTimeframeAnalyzer 초기화됨
2025-03-02 22:18:17,741 [INFO] multi_timeframe_analyzer: 다중 시간프레임 분석 테이블 초기화됨
2025-03-02 22:18:17,741 [INFO] multi_timeframe_analyzer: MultiTimeframeAnalyzer 초기화됨
2025-03-02 22:18:17,745 [INFO] multi_timeframe_analyzer: 다중 시간프레임 분석 테이블 초기화됨
2025-03-02 22:18:17,745 [INFO] multi_timeframe_analyzer: MultiTimeframeAnalyzer 초기화됨
2025-03-02 22:18:17,750 [INFO] multi_timeframe_analyzer: 다중 시간프레임 분석 테이블 초기화됨
2025-03-02 22:18:17,750 [INFO] multi_timeframe_analyzer: MultiTimeframeAnalyzer 초기화됨
